0 info it worked if it ends with ok
1 verbose cli [ 'C:\\nodejs\\\\node.exe',
1 verbose cli   'C:\\nodejs\\node_modules\\npm\\bin\\npm-cli.js',
1 verbose cli   'install',
1 verbose cli   '-g',
1 verbose cli   'date-utils' ]
2 info using npm@1.4.28
3 info using node@v0.10.33
4 verbose node symlink C:\nodejs\\node.exe
5 verbose cache add [ 'date-utils', null ]
6 verbose cache add name=undefined spec="date-utils" args=["date-utils",null]
7 verbose parsed url { protocol: null,
7 verbose parsed url   slashes: null,
7 verbose parsed url   auth: null,
7 verbose parsed url   host: null,
7 verbose parsed url   port: null,
7 verbose parsed url   hostname: null,
7 verbose parsed url   hash: null,
7 verbose parsed url   search: null,
7 verbose parsed url   query: null,
7 verbose parsed url   pathname: 'date-utils',
7 verbose parsed url   path: 'date-utils',
7 verbose parsed url   href: 'date-utils' }
8 silly lockFile d6c972c1-date-utils date-utils
9 verbose lock date-utils C:\Users\Parth\AppData\Roaming\npm-cache\d6c972c1-date-utils.lock
10 silly lockFile d6c972c1-date-utils date-utils
11 silly lockFile d6c972c1-date-utils date-utils
12 verbose addNamed [ 'date-utils', '' ]
13 verbose addNamed [ null, '*' ]
14 silly lockFile 8e5112c1-date-utils date-utils@
15 verbose lock date-utils@ C:\Users\Parth\AppData\Roaming\npm-cache\8e5112c1-date-utils.lock
16 silly addNameRange { name: 'date-utils', range: '*', hasData: false }
17 verbose request where is /date-utils
18 verbose request registry https://registry.npmjs.org/
19 verbose request id 0b6acc1b7da38deb
20 verbose url raw /date-utils
21 verbose url resolving [ 'https://registry.npmjs.org/', './date-utils' ]
22 verbose url resolved https://registry.npmjs.org/date-utils
23 verbose request where is https://registry.npmjs.org/date-utils
24 info trying registry request attempt 1 at 00:43:08
25 http GET https://registry.npmjs.org/date-utils
26 info retry will retry, error on last attempt: Error: getaddrinfo ENOTFOUND
27 info trying registry request attempt 2 at 00:43:18
28 http GET https://registry.npmjs.org/date-utils
29 info retry will retry, error on last attempt: Error: getaddrinfo ENOTFOUND
30 info trying registry request attempt 3 at 00:44:18
31 http GET https://registry.npmjs.org/date-utils
32 silly lockFile 8e5112c1-date-utils date-utils@
33 silly lockFile 8e5112c1-date-utils date-utils@
34 error network getaddrinfo ENOTFOUND
34 error network This is most likely not a problem with npm itself
34 error network and is related to network connectivity.
34 error network In most cases you are behind a proxy or have bad network settings.
34 error network
34 error network If you are behind a proxy, please make sure that the
34 error network 'proxy' config is set properly.  See: 'npm help config'
35 error System Windows_NT 6.2.9200
36 error command "C:\\nodejs\\\\node.exe" "C:\\nodejs\\node_modules\\npm\\bin\\npm-cli.js" "install" "-g" "date-utils"
37 error cwd C:\Users\Parth\Documents\GitHub\freedoor
38 error node -v v0.10.33
39 error npm -v 1.4.28
40 error syscall getaddrinfo
41 error code ENOTFOUND
42 error errno ENOTFOUND
43 verbose exit [ 1, true ]
